<?xml version="1.0" encoding="UTF-8"?>
<!-- Generated by org.testng.reporters.JUnitReportReporter -->
<testsuite hostname="DESKTOP-HGQMFMG" failures="0" tests="5" name="web.testcases.Forget_password" time="43.790" errors="0" timestamp="2024-03-07T21:53:09 IST" skipped="0">
  <testcase classname="web.testcases.Forget_password" name="Verify_printer" time="0.017"/>
  <system-out/>
  <testcase classname="web.testcases.Forget_password" name="Verify_HomePageText" time="3.248"/>
  <system-out/>
  <testcase classname="web.testcases.Forget_password" name="Verify_empty_values" time="14.794"/>
  <system-out/>
  <testcase classname="web.testcases.Forget_password" name="verify_forgetScreen" time="8.681"/>
  <system-out/>
  <testcase classname="web.testcases.Forget_password" name="verify_username" time="17.050"/>
  <system-out/>
</testsuite> <!-- web.testcases.Forget_password -->
